0 info it worked if it ends with ok
1 verbose cli [ '/usr/local/bin/node',
1 verbose cli   '/usr/local/bin/npm',
1 verbose cli   'run-script',
1 verbose cli   'deploy' ]
2 info using npm@2.11.2
3 info using node@v0.12.5
4 verbose run-script [ 'predeploy', 'deploy', 'postdeploy' ]
5 info predeploy bookd@0.0.1
6 info deploy bookd@0.0.1
7 verbose unsafe-perm in lifecycle true
8 info bookd@0.0.1 Failed to exec deploy script
9 verbose stack Error: bookd@0.0.1 deploy: `naught deploy --timeout 15 ~/bookdwed/naught.ipc`
9 verbose stack Exit status 1
9 verbose stack     at EventEmitter.<anonymous> (/usr/local/lib/node_modules/npm/lib/utils/lifecycle.js:213:16)
9 verbose stack     at EventEmitter.emit (events.js:110:17)
9 verbose stack     at ChildProcess.<anonymous> (/usr/local/lib/node_modules/npm/lib/utils/spawn.js:24:14)
9 verbose stack     at ChildProcess.emit (events.js:110:17)
9 verbose stack     at maybeClose (child_process.js:1015:16)
9 verbose stack     at Process.ChildProcess._handle.onexit (child_process.js:1087:5)
10 verbose pkgid bookd@0.0.1
11 verbose cwd /root/bookdweb
12 error Linux 3.13.0-57-generic
13 error argv "/usr/local/bin/node" "/usr/local/bin/npm" "run-script" "deploy"
14 error node v0.12.5
15 error npm  v2.11.2
16 error code ELIFECYCLE
17 error bookd@0.0.1 deploy: `naught deploy --timeout 15 ~/bookdwed/naught.ipc`
17 error Exit status 1
18 error Failed at the bookd@0.0.1 deploy script 'naught deploy --timeout 15 ~/bookdwed/naught.ipc'.
18 error This is most likely a problem with the bookd package,
18 error not with npm itself.
18 error Tell the author that this fails on your system:
18 error     naught deploy --timeout 15 ~/bookdwed/naught.ipc
18 error You can get their info via:
18 error     npm owner ls bookd
18 error There is likely additional logging output above.
19 verbose exit [ 1, true ]
